ERROR: [8] Undefined variable: fields
Notice on line 80 in file /var/www/html/rot/modules/technicians/model/DAO/technicians_dao.class.singleton.php
 | 27.11.2016 18:47:23 | User:  |  | response 200
ERROR: [8192] mysql_query(): The mysql extension is deprecated and will be removed in the future: use mysqli or PDO instead
Unknown Error on line 22 in file /var/www/html/rot/model/db.class.singleton.php
 | 27.11.2016 18:51:22 | User:  |  | response 200
ERROR: [2] mysql_query(): Access denied for user 'www-data'@'localhost' (using password: NO)
Warning on line 22 in file /var/www/html/rot/model/db.class.singleton.php
 | 27.11.2016 18:51:22 | User:  |  | response 200
ERROR: [2] mysql_query(): A link to the server could not be established
Warning on line 22 in file /var/www/html/rot/model/db.class.singleton.php
 | 27.11.2016 18:51:22 | User:  |  | response 200
ERROR: [8] Undefined variable: db
Notice on line 23 in file /var/www/html/rot/model/db.class.singleton.php
 | 27.11.2016 18:51:22 | User:  |  | response 200
ERROR: [8192] mysql_query(): The mysql extension is deprecated and will be removed in the future: use mysqli or PDO instead
Unknown Error on line 22 in file /var/www/html/rot/model/db.class.singleton.php
 | 27.11.2016 18:53:41 | User:  |  | response 200
ERROR: [2] mysql_query(): Access denied for user 'www-data'@'localhost' (using password: NO)
Warning on line 22 in file /var/www/html/rot/model/db.class.singleton.php
 | 27.11.2016 18:53:41 | User:  |  | response 200
ERROR: [2] mysql_query(): A link to the server could not be established
Warning on line 22 in file /var/www/html/rot/model/db.class.singleton.php
 | 27.11.2016 18:53:41 | User:  |  | response 200
ERROR: [8] Undefined variable: db
Notice on line 23 in file /var/www/html/rot/model/db.class.singleton.php
 | 27.11.2016 18:53:41 | User:  |  | response 200
ERROR: [8] Undefined variable: fields
Notice on line 80 in file /var/www/html/rot/modules/technicians/model/DAO/technicians_dao.class.singleton.php
 | 27.11.2016 18:59:18 | User:  |  | response 200
ERROR: [8] Undefined variable: fields
Notice on line 80 in file /var/www/html/rot/modules/technicians/model/DAO/technicians_dao.class.singleton.php
 | 27.11.2016 19:03:15 | User:  |  | response 200
ERROR: [8] Undefined variable: fields
Notice on line 80 in file /var/www/html/rot/modules/technicians/model/DAO/technicians_dao.class.singleton.php
 | 27.11.2016 19:05:16 | User:  |  | response 200
ERROR: [8] Undefined variable: fields
Notice on line 80 in file /var/www/html/rot/modules/technicians/model/DAO/technicians_dao.class.singleton.php
 | 27.11.2016 19:06:59 | User:  |  | response 200
ERROR: [8] Undefined variable: fields
Notice on line 80 in file /var/www/html/rot/modules/technicians/model/DAO/technicians_dao.class.singleton.php
 | 27.11.2016 19:15:14 | User:  |  | response 200
ERROR: [8] Undefined variable: fields
Notice on line 80 in file /var/www/html/rot/modules/technicians/model/DAO/technicians_dao.class.singleton.php
 | 27.11.2016 19:24:10 | User:  |  | response 200
